[2026-07-19 02:28:34] ═══════════════════════════════════════════════
[2026-07-19 02:28:34] Hermes 备份开始
[2026-07-19 02:28:34] ═══════════════════════════════════════════════
[2026-07-19 02:28:34] 初始化本地备份仓库...
[2026-07-19 02:28:34] 清理超过 7 天的旧备份...
[2026-07-19 02:28:34] 压缩 Hermes 核心数据...
[2026-07-19 02:28:36] 验证备份文件...
[2026-07-19 02:28:36] ✅ 备份成功: /root/hermes_backups/backup_hermes_2026_07_19_02_28_34.zip (5.3M)
[2026-07-19 02:28:36] 推送到远程仓库...
[2026-07-19 02:28:37] ⚠️  推送失败（可能无需推送）
[2026-07-19 02:28:37] ═══════════════════════════════════════════════
[2026-07-19 02:28:37] 备份完成
[2026-07-19 02:28:37] ═══════════════════════════════════════════════
[2026-07-19 06:43:56] ═══════════════════════════════════════════════
[2026-07-19 06:43:56] Hermes 备份开始
[2026-07-19 06:43:56] ═══════════════════════════════════════════════
[2026-07-19 06:43:56] 清理超过 7 天的旧备份...
[2026-07-19 06:43:56] 压缩 Hermes 核心数据...
[2026-07-19 06:43:57] 验证备份文件...
[2026-07-19 06:43:57] ✅ 备份成功: /root/hermes_backups/backup_hermes_2026_07_19_06_43_56.zip (2.3M)
[2026-07-19 06:43:57] 推送到远程仓库...
[2026-07-19 06:43:59] ✅ 推送成功
[2026-07-19 06:43:59] ═══════════════════════════════════════════════
[2026-07-19 06:43:59] 备份完成
[2026-07-19 06:43:59] ═══════════════════════════════════════════════
[2026-07-20 01:00:01] ═══════════════════════════════════════════════
[2026-07-20 01:00:01] Hermes 备份开始
[2026-07-20 01:00:01] ═══════════════════════════════════════════════
[2026-07-20 01:00:01] 清理超过 7 天的旧备份...
[2026-07-20 01:00:01] 压缩 Hermes 核心数据...
[2026-07-20 01:00:04] 验证备份文件...
[2026-07-20 01:00:04] ✅ 备份成功: /root/hermes_backups/backup_hermes_2026_07_20_01_00_01.zip (5.4M)
[2026-07-20 01:00:04] 推送到远程仓库...
[2026-07-20 01:00:08] ✅ 推送成功
[2026-07-20 01:00:08] ═══════════════════════════════════════════════
[2026-07-20 01:00:08] 备份完成
[2026-07-20 01:00:08] ═══════════════════════════════════════════════
[2026-07-21 01:00:01] ═══════════════════════════════════════════════
[2026-07-21 01:00:01] Hermes 备份开始
[2026-07-21 01:00:01] ═══════════════════════════════════════════════
[2026-07-21 01:00:01] 清理超过 7 天的旧备份...
[2026-07-21 01:00:01] 压缩 Hermes 核心数据...
[2026-07-21 01:00:05] 验证备份文件...
[2026-07-21 01:00:06] ✅ 备份成功: /root/hermes_backups/backup_hermes_2026_07_21_01_00_01.zip (7.0M)
[2026-07-21 01:00:06] 推送到远程仓库...
